<?xml version="1.0" encoding="UTF-8"?>
<!-- Generated by org.testng.reporters.JUnitReportReporter -->
<testsuite hostname="BLR-5NJH5Y2-10L" failures="0" tests="1" name="support.RunTests" time="1394.182" errors="0" timestamp="7 Jan 2021 12:49:52 GMT">
  <testcase classname="support.RunTests" name="run" time="1394.182"/>
</testsuite> <!-- support.RunTests -->
