<?xml version="1.0" encoding="UTF-8"?>
<!-- Generated by org.testng.reporters.JUnitReportReporter -->
<testsuite hostname="BLR-5NJH5Y2-10L" failures="0" tests="1" name="support.RunTests" time="63.339" errors="0" timestamp="24 Dec 2020 09:14:46 GMT">
  <testcase classname="support.RunTests" name="run" time="63.339"/>
</testsuite> <!-- support.RunTests -->
